Analysis & Synthesis report for IITB-RISC
Wed May 03 11:39:00 2023
Quartus Prime Version 20.1.1 Build 720 11/11/2020 SJ Lite Edition


---------------------
; Table of Contents ;
---------------------
  1. Legal Notice
  2. Analysis & Synthesis Summary
  3. Analysis & Synthesis Settings
  4. Parallel Compilation
  5. Analysis & Synthesis Source Files Read
  6. Analysis & Synthesis Resource Usage Summary
  7. Analysis & Synthesis Resource Utilization by Entity
  8. User-Specified and Inferred Latches
  9. General Register Statistics
 10. Post-Synthesis Netlist Statistics for Top Partition
 11. Elapsed Time Per Partition
 12. Analysis & Synthesis Messages



----------------
; Legal Notice ;
----------------
Copyright (C) 2020  Intel Corporation. All rights reserved.
Your use of Intel Corporation's design tools, logic functions 
and other software and tools, and any partner logic 
functions, and any output files from any of the foregoing 
(including device programming or simulation files), and any 
associated documentation or information are expressly subject 
to the terms and conditions of the Intel Program License 
Subscription Agreement, the Intel Quartus Prime License Agreement,
the Intel FPGA IP License Agreement, or other applicable license
agreement, including, without limitation, that your use is for
the sole purpose of programming logic devices manufactured by
Intel and sold by Intel or its authorized distributors.  Please
refer to the applicable agreement for further details, at
https://fpgasoftware.intel.com/eula.



+----------------------------------------------------------------------------------+
; Analysis & Synthesis Summary                                                     ;
+------------------------------------+---------------------------------------------+
; Analysis & Synthesis Status        ; Successful - Wed May 03 11:39:00 2023       ;
; Quartus Prime Version              ; 20.1.1 Build 720 11/11/2020 SJ Lite Edition ;
; Revision Name                      ; IITB-RISC                                   ;
; Top-level Entity Name              ; Stage2_WithoutHazards                       ;
; Family                             ; MAX 10                                      ;
; Total logic elements               ; 40                                          ;
;     Total combinational functions  ; 40                                          ;
;     Dedicated logic registers      ; 0                                           ;
; Total registers                    ; 0                                           ;
; Total pins                         ; 103                                         ;
; Total virtual pins                 ; 0                                           ;
; Total memory bits                  ; 0                                           ;
; Embedded Multiplier 9-bit elements ; 0                                           ;
; Total PLLs                         ; 0                                           ;
; UFM blocks                         ; 0                                           ;
; ADC blocks                         ; 0                                           ;
+------------------------------------+---------------------------------------------+


+---------------------------------------------------------------------------------------------------------------+
; Analysis & Synthesis Settings                                                                                 ;
+------------------------------------------------------------------+-----------------------+--------------------+
; Option                                                           ; Setting               ; Default Value      ;
+------------------------------------------------------------------+-----------------------+--------------------+
; Device                                                           ; 10M25SAE144C8G        ;                    ;
; Top-level entity name                                            ; Stage2_WithoutHazards ; IITB-RISC          ;
; Family name                                                      ; MAX 10                ; Cyclone V          ;
; Use smart compilation                                            ; Off                   ; Off                ;
; Enable parallel Assembler and Timing Analyzer during compilation ; On                    ; On                 ;
; Enable compact report table                                      ; Off                   ; Off                ;
; Restructure Multiplexers                                         ; Auto                  ; Auto               ;
; Create Debugging Nodes for IP Cores                              ; Off                   ; Off                ;
; Preserve fewer node names                                        ; On                    ; On                 ;
; Intel FPGA IP Evaluation Mode                                    ; Enable                ; Enable             ;
; Verilog Version                                                  ; Verilog_2001          ; Verilog_2001       ;
; VHDL Version                                                     ; VHDL_1993             ; VHDL_1993          ;
; State Machine Processing                                         ; Auto                  ; Auto               ;
; Safe State Machine                                               ; Off                   ; Off                ;
; Extract Verilog State Machines                                   ; On                    ; On                 ;
; Extract VHDL State Machines                                      ; On                    ; On                 ;
; Ignore Verilog initial constructs                                ; Off                   ; Off                ;
; Iteration limit for constant Verilog loops                       ; 5000                  ; 5000               ;
; Iteration limit for non-constant Verilog loops                   ; 250                   ; 250                ;
; Add Pass-Through Logic to Inferred RAMs                          ; On                    ; On                 ;
; Infer RAMs from Raw Logic                                        ; On                    ; On                 ;
; Parallel Synthesis                                               ; On                    ; On                 ;
; DSP Block Balancing                                              ; Auto                  ; Auto               ;
; NOT Gate Push-Back                                               ; On                    ; On                 ;
; Power-Up Don't Care                                              ; On                    ; On                 ;
; Remove Redundant Logic Cells                                     ; Off                   ; Off                ;
; Remove Duplicate Registers                                       ; On                    ; On                 ;
; Ignore CARRY Buffers                                             ; Off                   ; Off                ;
; Ignore CASCADE Buffers                                           ; Off                   ; Off                ;
; Ignore GLOBAL Buffers                                            ; Off                   ; Off                ;
; Ignore ROW GLOBAL Buffers                                        ; Off                   ; Off                ;
; Ignore LCELL Buffers                                             ; Off                   ; Off                ;
; Ignore SOFT Buffers                                              ; On                    ; On                 ;
; Limit AHDL Integers to 32 Bits                                   ; Off                   ; Off                ;
; Optimization Technique                                           ; Balanced              ; Balanced           ;
; Carry Chain Length                                               ; 70                    ; 70                 ;
; Auto Carry Chains                                                ; On                    ; On                 ;
; Auto Open-Drain Pins                                             ; On                    ; On                 ;
; Perform WYSIWYG Primitive Resynthesis                            ; Off                   ; Off                ;
; Auto ROM Replacement                                             ; On                    ; On                 ;
; Auto RAM Replacement                                             ; On                    ; On                 ;
; Auto DSP Block Replacement                                       ; On                    ; On                 ;
; Auto Shift Register Replacement                                  ; Auto                  ; Auto               ;
; Allow Shift Register Merging across Hierarchies                  ; Auto                  ; Auto               ;
; Auto Clock Enable Replacement                                    ; On                    ; On                 ;
; Strict RAM Replacement                                           ; Off                   ; Off                ;
; Allow Synchronous Control Signals                                ; On                    ; On                 ;
; Force Use of Synchronous Clear Signals                           ; Off                   ; Off                ;
; Auto RAM Block Balancing                                         ; On                    ; On                 ;
; Auto RAM to Logic Cell Conversion                                ; Off                   ; Off                ;
; Auto Resource Sharing                                            ; Off                   ; Off                ;
; Allow Any RAM Size For Recognition                               ; Off                   ; Off                ;
; Allow Any ROM Size For Recognition                               ; Off                   ; Off                ;
; Allow Any Shift Register Size For Recognition                    ; Off                   ; Off                ;
; Use LogicLock Constraints during Resource Balancing              ; On                    ; On                 ;
; Ignore translate_off and synthesis_off directives                ; Off                   ; Off                ;
; Timing-Driven Synthesis                                          ; On                    ; On                 ;
; Report Parameter Settings                                        ; On                    ; On                 ;
; Report Source Assignments                                        ; On                    ; On                 ;
; Report Connectivity Checks                                       ; On                    ; On                 ;
; Ignore Maximum Fan-Out Assignments                               ; Off                   ; Off                ;
; Synchronization Register Chain Length                            ; 2                     ; 2                  ;
; Power Optimization During Synthesis                              ; Normal compilation    ; Normal compilation ;
; HDL message level                                                ; Level2                ; Level2             ;
; Suppress Register Optimization Related Messages                  ; Off                   ; Off                ;
; Number of Removed Registers Reported in Synthesis Report         ; 5000                  ; 5000               ;
; Number of Swept Nodes Reported in Synthesis Report               ; 5000                  ; 5000               ;
; Number of Inverted Registers Reported in Synthesis Report        ; 100                   ; 100                ;
; Clock MUX Protection                                             ; On                    ; On                 ;
; Auto Gated Clock Conversion                                      ; Off                   ; Off                ;
; Block Design Naming                                              ; Auto                  ; Auto               ;
; SDC constraint protection                                        ; Off                   ; Off                ;
; Synthesis Effort                                                 ; Auto                  ; Auto               ;
; Shift Register Replacement - Allow Asynchronous Clear Signal     ; On                    ; On                 ;
; Pre-Mapping Resynthesis Optimization                             ; Off                   ; Off                ;
; Analysis & Synthesis Message Level                               ; Medium                ; Medium             ;
; Disable Register Merging Across Hierarchies                      ; Auto                  ; Auto               ;
; Resource Aware Inference For Block RAM                           ; On                    ; On                 ;
+------------------------------------------------------------------+-----------------------+--------------------+


+------------------------------------------+
; Parallel Compilation                     ;
+----------------------------+-------------+
; Processors                 ; Number      ;
+----------------------------+-------------+
; Number detected on machine ; 4           ;
; Maximum allowed            ; 2           ;
;                            ;             ;
; Average used               ; 1.00        ;
; Maximum used               ; 2           ;
;                            ;             ;
; Usage by Processor         ; % Time Used ;
;     Processor 1            ; 100.0%      ;
;     Processor 2            ;   0.0%      ;
+----------------------------+-------------+


+--------------------------------------------------------------------------------------------------------------------------------------------------------------------------+
; Analysis & Synthesis Source Files Read                                                                                                                                   ;
+----------------------------------+-----------------+-----------------+-----------------------------------------------------------------------------------------+---------+
; File Name with User-Entered Path ; Used in Netlist ; File Type       ; File Name with Absolute Path                                                            ; Library ;
+----------------------------------+-----------------+-----------------+-----------------------------------------------------------------------------------------+---------+
; Stage2_WithoutHazards.vhd        ; yes             ; User VHDL File  ; C:/Users/SCI/Desktop/IIT Bombay/EE 309 Project/EE_309_Project/Stage2_WithoutHazards.vhd ;         ;
+----------------------------------+-----------------+-----------------+-----------------------------------------------------------------------------------------+---------+


+-------------------------------------------------------+
; Analysis & Synthesis Resource Usage Summary           ;
+---------------------------------------------+---------+
; Resource                                    ; Usage   ;
+---------------------------------------------+---------+
; Estimated Total logic elements              ; 40      ;
;                                             ;         ;
; Total combinational functions               ; 40      ;
; Logic element usage by number of LUT inputs ;         ;
;     -- 4 input functions                    ; 19      ;
;     -- 3 input functions                    ; 20      ;
;     -- <=2 input functions                  ; 1       ;
;                                             ;         ;
; Logic elements by mode                      ;         ;
;     -- normal mode                          ; 40      ;
;     -- arithmetic mode                      ; 0       ;
;                                             ;         ;
; Total registers                             ; 0       ;
;     -- Dedicated logic registers            ; 0       ;
;     -- I/O registers                        ; 0       ;
;                                             ;         ;
; I/O pins                                    ; 103     ;
;                                             ;         ;
; Embedded Multiplier 9-bit elements          ; 0       ;
;                                             ;         ;
; Maximum fan-out node                        ; Mux15~0 ;
; Maximum fan-out                             ; 15      ;
; Total fan-out                               ; 295     ;
; Average fan-out                             ; 1.20    ;
+---------------------------------------------+---------+


+-------------------------------------------------------------------------------------------------------------------------------------------------------------------------------------------------------------------------------------------------+
; Analysis & Synthesis Resource Utilization by Entity                                                                                                                                                                                             ;
+----------------------------+---------------------+---------------------------+-------------+------------+--------------+---------+-----------+------+--------------+------------+------------------------+-----------------------+--------------+
; Compilation Hierarchy Node ; Combinational ALUTs ; Dedicated Logic Registers ; Memory Bits ; UFM Blocks ; DSP Elements ; DSP 9x9 ; DSP 18x18 ; Pins ; Virtual Pins ; ADC blocks ; Full Hierarchy Name    ; Entity Name           ; Library Name ;
+----------------------------+---------------------+---------------------------+-------------+------------+--------------+---------+-----------+------+--------------+------------+------------------------+-----------------------+--------------+
; |Stage2_WithoutHazards     ; 40 (40)             ; 0 (0)                     ; 0           ; 0          ; 0            ; 0       ; 0         ; 103  ; 0            ; 0          ; |Stage2_WithoutHazards ; Stage2_WithoutHazards ; work         ;
+----------------------------+---------------------+---------------------------+-------------+------------+--------------+---------+-----------+------+--------------+------------+------------------------+-----------------------+--------------+
Note: For table entries with two numbers listed, the numbers in parentheses indicate the number of resources of the given type used by the specific entity alone. The numbers listed outside of parentheses indicate the total resources of the given type used by the specific entity and all of its sub-entities in the hierarchy.


+---------------------------------------------------------------------------------------------------+
; User-Specified and Inferred Latches                                                               ;
+----------------------------------------------------+---------------------+------------------------+
; Latch Name                                         ; Latch Enable Signal ; Free of Timing Hazards ;
+----------------------------------------------------+---------------------+------------------------+
; \stage_proc:ct2[0]                                 ; Mux16               ; yes                    ;
; \stage_proc:ct1[2]                                 ; Mux15               ; yes                    ;
; \stage_proc:ct1[1]                                 ; Mux15               ; yes                    ;
; \stage_proc:ct1[0]                                 ; Mux15               ; yes                    ;
; \stage_proc:ct2[1]                                 ; Mux16               ; yes                    ;
; \stage_proc:ct2[2]                                 ; Mux16               ; yes                    ;
; Number of user-specified and inferred latches = 6  ;                     ;                        ;
+----------------------------------------------------+---------------------+------------------------+
Note: All latches listed above may not be present at the end of synthesis due to various synthesis optimizations.


+------------------------------------------------------+
; General Register Statistics                          ;
+----------------------------------------------+-------+
; Statistic                                    ; Value ;
+----------------------------------------------+-------+
; Total registers                              ; 0     ;
; Number of registers using Synchronous Clear  ; 0     ;
; Number of registers using Synchronous Load   ; 0     ;
; Number of registers using Asynchronous Clear ; 0     ;
; Number of registers using Asynchronous Load  ; 0     ;
; Number of registers using Clock Enable       ; 0     ;
; Number of registers using Preset             ; 0     ;
+----------------------------------------------+-------+


+-----------------------------------------------------+
; Post-Synthesis Netlist Statistics for Top Partition ;
+-----------------------+-----------------------------+
; Type                  ; Count                       ;
+-----------------------+-----------------------------+
; boundary_port         ; 103                         ;
; cycloneiii_lcell_comb ; 40                          ;
;     normal            ; 40                          ;
;         2 data inputs ; 1                           ;
;         3 data inputs ; 20                          ;
;         4 data inputs ; 19                          ;
;                       ;                             ;
; Max LUT depth         ; 5.00                        ;
; Average LUT depth     ; 2.00                        ;
+-----------------------+-----------------------------+


+-------------------------------+
; Elapsed Time Per Partition    ;
+----------------+--------------+
; Partition Name ; Elapsed Time ;
+----------------+--------------+
; Top            ; 00:00:00     ;
+----------------+--------------+


+-------------------------------+
; Analysis & Synthesis Messages ;
+-------------------------------+
Info: *******************************************************************
Info: Running Quartus Prime Analysis & Synthesis
    Info: Version 20.1.1 Build 720 11/11/2020 SJ Lite Edition
    Info: Processing started: Wed May 03 11:38:51 2023
Info: Command: quartus_map --read_settings_files=on --write_settings_files=off IITB-RISC -c IITB-RISC
Warning (18236): Number of processors has not been specified which may cause overloading on shared machines.  Set the global assignment NUM_PARALLEL_PROCESSORS in your QSF to an appropriate value for best performance.
Info (20030): Parallel compilation is enabled and will use 2 of the 2 processors detected
Info (12021): Found 2 design units, including 1 entities, in source file stage2_withouthazards.vhd
    Info (12022): Found design unit 1: Stage2_WithoutHazards-behav File: C:/Users/SCI/Desktop/IIT Bombay/EE 309 Project/EE_309_Project/Stage2_WithoutHazards.vhd Line: 21
    Info (12023): Found entity 1: Stage2_WithoutHazards File: C:/Users/SCI/Desktop/IIT Bombay/EE 309 Project/EE_309_Project/Stage2_WithoutHazards.vhd Line: 6
Info (12021): Found 4 design units, including 2 entities, in source file flags.vhd
    Info (12022): Found design unit 1: carry_flag-behav File: C:/Users/SCI/Desktop/IIT Bombay/EE 309 Project/EE_309_Project/Flags.vhd Line: 13
    Info (12022): Found design unit 2: zero_flag-behav File: C:/Users/SCI/Desktop/IIT Bombay/EE 309 Project/EE_309_Project/Flags.vhd Line: 46
    Info (12023): Found entity 1: carry_flag File: C:/Users/SCI/Desktop/IIT Bombay/EE 309 Project/EE_309_Project/Flags.vhd Line: 6
    Info (12023): Found entity 2: zero_flag File: C:/Users/SCI/Desktop/IIT Bombay/EE 309 Project/EE_309_Project/Flags.vhd Line: 39
Info (12127): Elaborating entity "Stage2_WithoutHazards" for the top level hierarchy
Warning (10492): VHDL Process Statement warning at Stage2_WithoutHazards.vhd(32): signal "opcode" is read inside the Process Statement but isn't in the Process Statement's sensitivity list File: C:/Users/SCI/Desktop/IIT Bombay/EE 309 Project/EE_309_Project/Stage2_WithoutHazards.vhd Line: 32
Warning (10492): VHDL Process Statement warning at Stage2_WithoutHazards.vhd(49): signal "Instr_R1" is read inside the Process Statement but isn't in the Process Statement's sensitivity list File: C:/Users/SCI/Desktop/IIT Bombay/EE 309 Project/EE_309_Project/Stage2_WithoutHazards.vhd Line: 49
Warning (10492): VHDL Process Statement warning at Stage2_WithoutHazards.vhd(51): signal "Instr_R1" is read inside the Process Statement but isn't in the Process Statement's sensitivity list File: C:/Users/SCI/Desktop/IIT Bombay/EE 309 Project/EE_309_Project/Stage2_WithoutHazards.vhd Line: 51
Warning (10492): VHDL Process Statement warning at Stage2_WithoutHazards.vhd(55): signal "Instr_R1" is read inside the Process Statement but isn't in the Process Statement's sensitivity list File: C:/Users/SCI/Desktop/IIT Bombay/EE 309 Project/EE_309_Project/Stage2_WithoutHazards.vhd Line: 55
Warning (10492): VHDL Process Statement warning at Stage2_WithoutHazards.vhd(85): signal "Instr_R1" is read inside the Process Statement but isn't in the Process Statement's sensitivity list File: C:/Users/SCI/Desktop/IIT Bombay/EE 309 Project/EE_309_Project/Stage2_WithoutHazards.vhd Line: 85
Warning (10492): VHDL Process Statement warning at Stage2_WithoutHazards.vhd(87): signal "Instr_R1" is read inside the Process Statement but isn't in the Process Statement's sensitivity list File: C:/Users/SCI/Desktop/IIT Bombay/EE 309 Project/EE_309_Project/Stage2_WithoutHazards.vhd Line: 87
Warning (10492): VHDL Process Statement warning at Stage2_WithoutHazards.vhd(91): signal "Instr_R1" is read inside the Process Statement but isn't in the Process Statement's sensitivity list File: C:/Users/SCI/Desktop/IIT Bombay/EE 309 Project/EE_309_Project/Stage2_WithoutHazards.vhd Line: 91
Warning (10492): VHDL Process Statement warning at Stage2_WithoutHazards.vhd(108): signal "Instr_R1" is read inside the Process Statement but isn't in the Process Statement's sensitivity list File: C:/Users/SCI/Desktop/IIT Bombay/EE 309 Project/EE_309_Project/Stage2_WithoutHazards.vhd Line: 108
Warning (10631): VHDL Process Statement warning at Stage2_WithoutHazards.vhd(28): inferring latch(es) for signal or variable "ct2", which holds its previous value in one or more paths through the process File: C:/Users/SCI/Desktop/IIT Bombay/EE 309 Project/EE_309_Project/Stage2_WithoutHazards.vhd Line: 28
Warning (10631): VHDL Process Statement warning at Stage2_WithoutHazards.vhd(28): inferring latch(es) for signal or variable "ct1", which holds its previous value in one or more paths through the process File: C:/Users/SCI/Desktop/IIT Bombay/EE 309 Project/EE_309_Project/Stage2_WithoutHazards.vhd Line: 28
Info (10041): Inferred latch for "stage_proc:ct1[0]" at Stage2_WithoutHazards.vhd(28) File: C:/Users/SCI/Desktop/IIT Bombay/EE 309 Project/EE_309_Project/Stage2_WithoutHazards.vhd Line: 28
Info (10041): Inferred latch for "stage_proc:ct1[1]" at Stage2_WithoutHazards.vhd(28) File: C:/Users/SCI/Desktop/IIT Bombay/EE 309 Project/EE_309_Project/Stage2_WithoutHazards.vhd Line: 28
Info (10041): Inferred latch for "stage_proc:ct1[2]" at Stage2_WithoutHazards.vhd(28) File: C:/Users/SCI/Desktop/IIT Bombay/EE 309 Project/EE_309_Project/Stage2_WithoutHazards.vhd Line: 28
Info (10041): Inferred latch for "stage_proc:ct2[0]" at Stage2_WithoutHazards.vhd(28) File: C:/Users/SCI/Desktop/IIT Bombay/EE 309 Project/EE_309_Project/Stage2_WithoutHazards.vhd Line: 28
Info (10041): Inferred latch for "stage_proc:ct2[1]" at Stage2_WithoutHazards.vhd(28) File: C:/Users/SCI/Desktop/IIT Bombay/EE 309 Project/EE_309_Project/Stage2_WithoutHazards.vhd Line: 28
Info (10041): Inferred latch for "stage_proc:ct2[2]" at Stage2_WithoutHazards.vhd(28) File: C:/Users/SCI/Desktop/IIT Bombay/EE 309 Project/EE_309_Project/Stage2_WithoutHazards.vhd Line: 28
Warning (13012): Latch \stage_proc:ct2[0] has unsafe behavior
    Warning (13013): Ports D and ENA on the latch are fed by the same signal \stage_proc:ct1[2]
Warning (13012): Latch \stage_proc:ct2[1] has unsafe behavior
    Warning (13013): Ports D and ENA on the latch are fed by the same signal \stage_proc:ct1[2]
Warning (13012): Latch \stage_proc:ct2[2] has unsafe behavior
    Warning (13013): Ports D and ENA on the latch are fed by the same signal \stage_proc:ct1[2]
Info (286030): Timing-Driven Synthesis is running
Info (16010): Generating hard_block partition "hard_block:auto_generated_inst"
    Info (16011): Adding 0 node(s), including 0 DDIO, 0 PLL, 0 transceiver and 0 LCELL
Warning (21074): Design contains 1 input pin(s) that do not drive logic
    Warning (15610): No output dependent on input pin "clock" File: C:/Users/SCI/Desktop/IIT Bombay/EE 309 Project/EE_309_Project/Stage2_WithoutHazards.vhd Line: 10
Info (21057): Implemented 143 device resources after synthesis - the final resource count might be different
    Info (21058): Implemented 49 input pins
    Info (21059): Implemented 54 output pins
    Info (21061): Implemented 40 logic cells
Info: Quartus Prime Analysis & Synthesis was successful. 0 errors, 19 warnings
    Info: Peak virtual memory: 4786 megabytes
    Info: Processing ended: Wed May 03 11:39:00 2023
    Info: Elapsed time: 00:00:09
    Info: Total CPU time (on all processors): 00:00:09


